Determining if the pthread_create exist failed with the following output:
Change Dir: /home/a1studen/refactoring/refactoring-workshop-2016/CMakeFiles/CMakeTmp

Run Build Command:"/usr/bin/make" "cmTC_0da1a/fast"
/usr/bin/make -f CMakeFiles/cmTC_0da1a.dir/build.make CMakeFiles/cmTC_0da1a.dir/build
make[1]: Entering directory '/home/a1studen/refactoring/refactoring-workshop-2016/CMakeFiles/CMakeTmp'
Building C object CMakeFiles/cmTC_0da1a.dir/CheckSymbolExists.c.o
/usr/bin/cc     -o CMakeFiles/cmTC_0da1a.dir/CheckSymbolExists.c.o   -c /home/a1studen/refactoring/refactoring-workshop-2016/CMakeFiles/CMakeTmp/CheckSymbolExists.c
Linking C executable cmTC_0da1a
/home/a1studen/Downloads/CLion-2017.1.1/clion-2017.1.1/bin/cmake/bin/cmake -E cmake_link_script CMakeFiles/cmTC_0da1a.dir/link.txt --verbose=1
/usr/bin/cc       CMakeFiles/cmTC_0da1a.dir/CheckSymbolExists.c.o  -o cmTC_0da1a -rdynamic 
CMakeFiles/cmTC_0da1a.dir/CheckSymbolExists.c.o: In function `main':
CheckSymbolExists.c:(.text+0x1b): undefined reference to `pthread_create'
collect2: error: ld returned 1 exit status
CMakeFiles/cmTC_0da1a.dir/build.make:97: recipe for target 'cmTC_0da1a' failed
make[1]: *** [cmTC_0da1a] Error 1
make[1]: Leaving directory '/home/a1studen/refactoring/refactoring-workshop-2016/CMakeFiles/CMakeTmp'
Makefile:126: recipe for target 'cmTC_0da1a/fast' failed
make: *** [cmTC_0da1a/fast] Error 2

File /home/a1studen/refactoring/refactoring-workshop-2016/CMakeFiles/CMakeTmp/CheckSymbolExists.c:
/* */
#include <pthread.h>

int main(int argc, char** argv)
{
  (void)argv;
#ifndef pthread_create
  return ((int*)(&pthread_create))[argc];
#else
  (void)argc;
  return 0;
#endif
}

Determining if the function pthread_create exists in the pthreads failed with the following output:
Change Dir: /home/a1studen/refactoring/refactoring-workshop-2016/CMakeFiles/CMakeTmp

Run Build Command:"/usr/bin/make" "cmTC_58ded/fast"
/usr/bin/make -f CMakeFiles/cmTC_58ded.dir/build.make CMakeFiles/cmTC_58ded.dir/build
make[1]: Entering directory '/home/a1studen/refactoring/refactoring-workshop-2016/CMakeFiles/CMakeTmp'
Building C object CMakeFiles/cmTC_58ded.dir/CheckFunctionExists.c.o
/usr/bin/cc    -DCHECK_FUNCTION_EXISTS=pthread_create   -o CMakeFiles/cmTC_58ded.dir/CheckFunctionExists.c.o   -c /home/a1studen/Downloads/CLion-2017.1.1/clion-2017.1.1/bin/cmake/share/cmake-3.7/Modules/CheckFunctionExists.c
Linking C executable cmTC_58ded
/home/a1studen/Downloads/CLion-2017.1.1/clion-2017.1.1/bin/cmake/bin/cmake -E cmake_link_script CMakeFiles/cmTC_58ded.dir/link.txt --verbose=1
/usr/bin/cc   -DCHECK_FUNCTION_EXISTS=pthread_create    CMakeFiles/cmTC_58ded.dir/CheckFunctionExists.c.o  -o cmTC_58ded -rdynamic -lpthreads 
/usr/bin/x86_64-linux-gnu-ld: cannot find -lpthreads
collect2: error: ld returned 1 exit status
CMakeFiles/cmTC_58ded.dir/build.make:97: recipe for target 'cmTC_58ded' failed
make[1]: *** [cmTC_58ded] Error 1
make[1]: Leaving directory '/home/a1studen/refactoring/refactoring-workshop-2016/CMakeFiles/CMakeTmp'
Makefile:126: recipe for target 'cmTC_58ded/fast' failed
make: *** [cmTC_58ded/fast] Error 2


